==16585== Memcheck, a memory error detector
==16585== Copyright (C) 2002-2013, and GNU GPL'd, by Julian Seward et al.
==16585== Using Valgrind-3.10.1 and LibVEX; rerun with -h for copyright info
==16585== Command: ./randtest4.exe
==16585== Parent PID: 16446
==16585== 
==16585== Invalid read of size 8
==16585==    at 0x409286: List<RankTreeNode<Student*, Student*>*>::Node::GetPrev() (List.h:54)
==16585==    by 0x40896D: List<RankTreeNode<Student*, Student*>*>::Iterator::Prev() (List.h:101)
==16585==    by 0x4073FF: RankTree<Student*, Student*>::handleBF(List<RankTreeNode<Student*, Student*>*>&, RankTree<Student*, Student*>::TreeStatus) (rank_tree.h:1061)
==16585==    by 0x406347: RankTree<Student*, Student*>::insertToTree(Student*, Student*) (rank_tree.h:505)
==16585==    by 0x405ABA: Team::AddStudent(Student*) (Team.cpp:31)
==16585==    by 0x402282: School::AddStudent(int, int, int) (School.cpp:48)
==16585==    by 0x4012D6: AddStudent (library2.cpp:23)
==16585==    by 0x401AFF: OnAddStudent (main2.cpp:218)
==16585==    by 0x401933: parser (main2.cpp:152)
==16585==    by 0x401759: main (main2.cpp:94)
==16585==  Address 0x5a2bcb0 is 16 bytes inside a block of size 24 free'd
==16585==    at 0x4C2C2BC: operator delete(void*) (in /usr/lib/valgrind/vgpreload_memcheck-amd64-linux.so)
==16585==    by 0x40764A: List<RankTreeNode<Student*, Student*>*>::RemoveLast() (List.h:152)
==16585==    by 0x408D69: RankTree<Student*, Student*>::shiftRR(RankTreeNode<Student*, Student*>*, List<RankTreeNode<Student*, Student*>*>&) (rank_tree.h:978)
==16585==    by 0x408915: RankTree<Student*, Student*>::shiftRL(RankTreeNode<Student*, Student*>*, List<RankTreeNode<Student*, Student*>*>&) (rank_tree.h:994)
==16585==    by 0x4073F3: RankTree<Student*, Student*>::handleBF(List<RankTreeNode<Student*, Student*>*>&, RankTree<Student*, Student*>::TreeStatus) (rank_tree.h:1060)
==16585==    by 0x406347: RankTree<Student*, Student*>::insertToTree(Student*, Student*) (rank_tree.h:505)
==16585==    by 0x405ABA: Team::AddStudent(Student*) (Team.cpp:31)
==16585==    by 0x402282: School::AddStudent(int, int, int) (School.cpp:48)
==16585==    by 0x4012D6: AddStudent (library2.cpp:23)
==16585==    by 0x401AFF: OnAddStudent (main2.cpp:218)
==16585==    by 0x401933: parser (main2.cpp:152)
==16585==    by 0x401759: main (main2.cpp:94)
==16585== 
==16585== Invalid read of size 8
==16585==    at 0x409286: List<RankTreeNode<Student*, Student*>*>::Node::GetPrev() (List.h:54)
==16585==    by 0x4089B4: List<RankTreeNode<Student*, Student*>*>::Iterator::Prev() (List.h:103)
==16585==    by 0x4073FF: RankTree<Student*, Student*>::handleBF(List<RankTreeNode<Student*, Student*>*>&, RankTree<Student*, Student*>::TreeStatus) (rank_tree.h:1061)
==16585==    by 0x406347: RankTree<Student*, Student*>::insertToTree(Student*, Student*) (rank_tree.h:505)
==16585==    by 0x405ABA: Team::AddStudent(Student*) (Team.cpp:31)
==16585==    by 0x402282: School::AddStudent(int, int, int) (School.cpp:48)
==16585==    by 0x4012D6: AddStudent (library2.cpp:23)
==16585==    by 0x401AFF: OnAddStudent (main2.cpp:218)
==16585==    by 0x401933: parser (main2.cpp:152)
==16585==    by 0x401759: main (main2.cpp:94)
==16585==  Address 0x5a2bcb0 is 16 bytes inside a block of size 24 free'd
==16585==    at 0x4C2C2BC: operator delete(void*) (in /usr/lib/valgrind/vgpreload_memcheck-amd64-linux.so)
==16585==    by 0x40764A: List<RankTreeNode<Student*, Student*>*>::RemoveLast() (List.h:152)
==16585==    by 0x408D69: RankTree<Student*, Student*>::shiftRR(RankTreeNode<Student*, Student*>*, List<RankTreeNode<Student*, Student*>*>&) (rank_tree.h:978)
==16585==    by 0x408915: RankTree<Student*, Student*>::shiftRL(RankTreeNode<Student*, Student*>*, List<RankTreeNode<Student*, Student*>*>&) (rank_tree.h:994)
==16585==    by 0x4073F3: RankTree<Student*, Student*>::handleBF(List<RankTreeNode<Student*, Student*>*>&, RankTree<Student*, Student*>::TreeStatus) (rank_tree.h:1060)
==16585==    by 0x406347: RankTree<Student*, Student*>::insertToTree(Student*, Student*) (rank_tree.h:505)
==16585==    by 0x405ABA: Team::AddStudent(Student*) (Team.cpp:31)
==16585==    by 0x402282: School::AddStudent(int, int, int) (School.cpp:48)
==16585==    by 0x4012D6: AddStudent (library2.cpp:23)
==16585==    by 0x401AFF: OnAddStudent (main2.cpp:218)
==16585==    by 0x401933: parser (main2.cpp:152)
==16585==    by 0x401759: main (main2.cpp:94)
==16585== 
==16585== Invalid read of size 8
==16585==    at 0x409286: List<RankTreeNode<Student*, Student*>*>::Node::GetPrev() (List.h:54)
==16585==    by 0x40896D: List<RankTreeNode<Student*, Student*>*>::Iterator::Prev() (List.h:101)
==16585==    by 0x407462: RankTree<Student*, Student*>::handleBF(List<RankTreeNode<Student*, Student*>*>&, RankTree<Student*, Student*>::TreeStatus) (rank_tree.h:1069)
==16585==    by 0x406347: RankTree<Student*, Student*>::insertToTree(Student*, Student*) (rank_tree.h:505)
==16585==    by 0x405ABA: Team::AddStudent(Student*) (Team.cpp:31)
==16585==    by 0x402282: School::AddStudent(int, int, int) (School.cpp:48)
==16585==    by 0x4012D6: AddStudent (library2.cpp:23)
==16585==    by 0x401AFF: OnAddStudent (main2.cpp:218)
==16585==    by 0x401933: parser (main2.cpp:152)
==16585==    by 0x401759: main (main2.cpp:94)
==16585==  Address 0x5a2e830 is 16 bytes inside a block of size 24 free'd
==16585==    at 0x4C2C2BC: operator delete(void*) (in /usr/lib/valgrind/vgpreload_memcheck-amd64-linux.so)
==16585==    by 0x40764A: List<RankTreeNode<Student*, Student*>*>::RemoveLast() (List.h:152)
==16585==    by 0x409118: RankTree<Student*, Student*>::shiftLL(RankTreeNode<Student*, Student*>*, List<RankTreeNode<Student*, Student*>*>&) (rank_tree.h:912)
==16585==    by 0x407456: RankTree<Student*, Student*>::handleBF(List<RankTreeNode<Student*, Student*>*>&, RankTree<Student*, Student*>::TreeStatus) (rank_tree.h:1068)
==16585==    by 0x406347: RankTree<Student*, Student*>::insertToTree(Student*, Student*) (rank_tree.h:505)
==16585==    by 0x405ABA: Team::AddStudent(Student*) (Team.cpp:31)
==16585==    by 0x402282: School::AddStudent(int, int, int) (School.cpp:48)
==16585==    by 0x4012D6: AddStudent (library2.cpp:23)
==16585==    by 0x401AFF: OnAddStudent (main2.cpp:218)
==16585==    by 0x401933: parser (main2.cpp:152)
==16585==    by 0x401759: main (main2.cpp:94)
==16585== 
==16585== Invalid read of size 8
==16585==    at 0x409286: List<RankTreeNode<Student*, Student*>*>::Node::GetPrev() (List.h:54)
==16585==    by 0x4089B4: List<RankTreeNode<Student*, Student*>*>::Iterator::Prev() (List.h:103)
==16585==    by 0x407462: RankTree<Student*, Student*>::handleBF(List<RankTreeNode<Student*, Student*>*>&, RankTree<Student*, Student*>::TreeStatus) (rank_tree.h:1069)
==16585==    by 0x406347: RankTree<Student*, Student*>::insertToTree(Student*, Student*) (rank_tree.h:505)
==16585==    by 0x405ABA: Team::AddStudent(Student*) (Team.cpp:31)
==16585==    by 0x402282: School::AddStudent(int, int, int) (School.cpp:48)
==16585==    by 0x4012D6: AddStudent (library2.cpp:23)
==16585==    by 0x401AFF: OnAddStudent (main2.cpp:218)
==16585==    by 0x401933: parser (main2.cpp:152)
==16585==    by 0x401759: main (main2.cpp:94)
==16585==  Address 0x5a2e830 is 16 bytes inside a block of size 24 free'd
==16585==    at 0x4C2C2BC: operator delete(void*) (in /usr/lib/valgrind/vgpreload_memcheck-amd64-linux.so)
==16585==    by 0x40764A: List<RankTreeNode<Student*, Student*>*>::RemoveLast() (List.h:152)
==16585==    by 0x409118: RankTree<Student*, Student*>::shiftLL(RankTreeNode<Student*, Student*>*, List<RankTreeNode<Student*, Student*>*>&) (rank_tree.h:912)
==16585==    by 0x407456: RankTree<Student*, Student*>::handleBF(List<RankTreeNode<Student*, Student*>*>&, RankTree<Student*, Student*>::TreeStatus) (rank_tree.h:1068)
==16585==    by 0x406347: RankTree<Student*, Student*>::insertToTree(Student*, Student*) (rank_tree.h:505)
==16585==    by 0x405ABA: Team::AddStudent(Student*) (Team.cpp:31)
==16585==    by 0x402282: School::AddStudent(int, int, int) (School.cpp:48)
==16585==    by 0x4012D6: AddStudent (library2.cpp:23)
==16585==    by 0x401AFF: OnAddStudent (main2.cpp:218)
==16585==    by 0x401933: parser (main2.cpp:152)
==16585==    by 0x401759: main (main2.cpp:94)
==16585== 
==16585== Invalid read of size 8
==16585==    at 0x409286: List<RankTreeNode<Student*, Student*>*>::Node::GetPrev() (List.h:54)
==16585==    by 0x40896D: List<RankTreeNode<Student*, Student*>*>::Iterator::Prev() (List.h:101)
==16585==    by 0x407492: RankTree<Student*, Student*>::handleBF(List<RankTreeNode<Student*, Student*>*>&, RankTree<Student*, Student*>::TreeStatus) (rank_tree.h:1073)
==16585==    by 0x406454: RankTree<Student*, Student*>::insertToTree(Student*, Student*) (rank_tree.h:519)
==16585==    by 0x405ABA: Team::AddStudent(Student*) (Team.cpp:31)
==16585==    by 0x402282: School::AddStudent(int, int, int) (School.cpp:48)
==16585==    by 0x4012D6: AddStudent (library2.cpp:23)
==16585==    by 0x401AFF: OnAddStudent (main2.cpp:218)
==16585==    by 0x401933: parser (main2.cpp:152)
==16585==    by 0x401759: main (main2.cpp:94)
==16585==  Address 0x5a39ed0 is 16 bytes inside a block of size 24 free'd
==16585==    at 0x4C2C2BC: operator delete(void*) (in /usr/lib/valgrind/vgpreload_memcheck-amd64-linux.so)
==16585==    by 0x40764A: List<RankTreeNode<Student*, Student*>*>::RemoveLast() (List.h:152)
==16585==    by 0x409118: RankTree<Student*, Student*>::shiftLL(RankTreeNode<Student*, Student*>*, List<RankTreeNode<Student*, Student*>*>&) (rank_tree.h:912)
==16585==    by 0x40923D: RankTree<Student*, Student*>::shiftLR(RankTreeNode<Student*, Student*>*, List<RankTreeNode<Student*, Student*>*>&) (rank_tree.h:1014)
==16585==    by 0x407486: RankTree<Student*, Student*>::handleBF(List<RankTreeNode<Student*, Student*>*>&, RankTree<Student*, Student*>::TreeStatus) (rank_tree.h:1072)
==16585==    by 0x406454: RankTree<Student*, Student*>::insertToTree(Student*, Student*) (rank_tree.h:519)
==16585==    by 0x405ABA: Team::AddStudent(Student*) (Team.cpp:31)
==16585==    by 0x402282: School::AddStudent(int, int, int) (School.cpp:48)
==16585==    by 0x4012D6: AddStudent (library2.cpp:23)
==16585==    by 0x401AFF: OnAddStudent (main2.cpp:218)
==16585==    by 0x401933: parser (main2.cpp:152)
==16585==    by 0x401759: main (main2.cpp:94)
==16585== 
==16585== Invalid read of size 8
==16585==    at 0x409286: List<RankTreeNode<Student*, Student*>*>::Node::GetPrev() (List.h:54)
==16585==    by 0x4089B4: List<RankTreeNode<Student*, Student*>*>::Iterator::Prev() (List.h:103)
==16585==    by 0x407492: RankTree<Student*, Student*>::handleBF(List<RankTreeNode<Student*, Student*>*>&, RankTree<Student*, Student*>::TreeStatus) (rank_tree.h:1073)
==16585==    by 0x406454: RankTree<Student*, Student*>::insertToTree(Student*, Student*) (rank_tree.h:519)
==16585==    by 0x405ABA: Team::AddStudent(Student*) (Team.cpp:31)
==16585==    by 0x402282: School::AddStudent(int, int, int) (School.cpp:48)
==16585==    by 0x4012D6: AddStudent (library2.cpp:23)
==16585==    by 0x401AFF: OnAddStudent (main2.cpp:218)
==16585==    by 0x401933: parser (main2.cpp:152)
==16585==    by 0x401759: main (main2.cpp:94)
==16585==  Address 0x5a39ed0 is 16 bytes inside a block of size 24 free'd
==16585==    at 0x4C2C2BC: operator delete(void*) (in /usr/lib/valgrind/vgpreload_memcheck-amd64-linux.so)
==16585==    by 0x40764A: List<RankTreeNode<Student*, Student*>*>::RemoveLast() (List.h:152)
==16585==    by 0x409118: RankTree<Student*, Student*>::shiftLL(RankTreeNode<Student*, Student*>*, List<RankTreeNode<Student*, Student*>*>&) (rank_tree.h:912)
==16585==    by 0x40923D: RankTree<Student*, Student*>::shiftLR(RankTreeNode<Student*, Student*>*, List<RankTreeNode<Student*, Student*>*>&) (rank_tree.h:1014)
==16585==    by 0x407486: RankTree<Student*, Student*>::handleBF(List<RankTreeNode<Student*, Student*>*>&, RankTree<Student*, Student*>::TreeStatus) (rank_tree.h:1072)
==16585==    by 0x406454: RankTree<Student*, Student*>::insertToTree(Student*, Student*) (rank_tree.h:519)
==16585==    by 0x405ABA: Team::AddStudent(Student*) (Team.cpp:31)
==16585==    by 0x402282: School::AddStudent(int, int, int) (School.cpp:48)
==16585==    by 0x4012D6: AddStudent (library2.cpp:23)
==16585==    by 0x401AFF: OnAddStudent (main2.cpp:218)
==16585==    by 0x401933: parser (main2.cpp:152)
==16585==    by 0x401759: main (main2.cpp:94)
==16585== 
==16585== Invalid read of size 8
==16585==    at 0x409286: List<RankTreeNode<Student*, Student*>*>::Node::GetPrev() (List.h:54)
==16585==    by 0x40896D: List<RankTreeNode<Student*, Student*>*>::Iterator::Prev() (List.h:101)
==16585==    by 0x407432: RankTree<Student*, Student*>::handleBF(List<RankTreeNode<Student*, Student*>*>&, RankTree<Student*, Student*>::TreeStatus) (rank_tree.h:1065)
==16585==    by 0x4068DA: RankTree<Student*, Student*>::removeFromTree(Student*) (rank_tree.h:814)
==16585==    by 0x405C4B: Team::RemoveStudent(Student*) (Team.cpp:50)
==16585==    by 0x40240F: School::RemoveStudent(int) (School.cpp:64)
==16585==    by 0x4013A3: RemoveStudent (library2.cpp:40)
==16585==    by 0x401BA4: OnRemoveStudent (main2.cpp:235)
==16585==    by 0x401951: parser (main2.cpp:155)
==16585==    by 0x401759: main (main2.cpp:94)
==16585==  Address 0x5a3fc00 is 16 bytes inside a block of size 24 free'd
==16585==    at 0x4C2C2BC: operator delete(void*) (in /usr/lib/valgrind/vgpreload_memcheck-amd64-linux.so)
==16585==    by 0x40764A: List<RankTreeNode<Student*, Student*>*>::RemoveLast() (List.h:152)
==16585==    by 0x408D38: RankTree<Student*, Student*>::shiftRR(RankTreeNode<Student*, Student*>*, List<RankTreeNode<Student*, Student*>*>&) (rank_tree.h:973)
==16585==    by 0x407426: RankTree<Student*, Student*>::handleBF(List<RankTreeNode<Student*, Student*>*>&, RankTree<Student*, Student*>::TreeStatus) (rank_tree.h:1064)
==16585==    by 0x4068DA: RankTree<Student*, Student*>::removeFromTree(Student*) (rank_tree.h:814)
==16585==    by 0x405C4B: Team::RemoveStudent(Student*) (Team.cpp:50)
==16585==    by 0x40240F: School::RemoveStudent(int) (School.cpp:64)
==16585==    by 0x4013A3: RemoveStudent (library2.cpp:40)
==16585==    by 0x401BA4: OnRemoveStudent (main2.cpp:235)
==16585==    by 0x401951: parser (main2.cpp:155)
==16585==    by 0x401759: main (main2.cpp:94)
==16585== 
==16585== Invalid read of size 8
==16585==    at 0x409286: List<RankTreeNode<Student*, Student*>*>::Node::GetPrev() (List.h:54)
==16585==    by 0x4089B4: List<RankTreeNode<Student*, Student*>*>::Iterator::Prev() (List.h:103)
==16585==    by 0x407432: RankTree<Student*, Student*>::handleBF(List<RankTreeNode<Student*, Student*>*>&, RankTree<Student*, Student*>::TreeStatus) (rank_tree.h:1065)
==16585==    by 0x4068DA: RankTree<Student*, Student*>::removeFromTree(Student*) (rank_tree.h:814)
==16585==    by 0x405C4B: Team::RemoveStudent(Student*) (Team.cpp:50)
==16585==    by 0x40240F: School::RemoveStudent(int) (School.cpp:64)
==16585==    by 0x4013A3: RemoveStudent (library2.cpp:40)
==16585==    by 0x401BA4: OnRemoveStudent (main2.cpp:235)
==16585==    by 0x401951: parser (main2.cpp:155)
==16585==    by 0x401759: main (main2.cpp:94)
==16585==  Address 0x5a3fc00 is 16 bytes inside a block of size 24 free'd
==16585==    at 0x4C2C2BC: operator delete(void*) (in /usr/lib/valgrind/vgpreload_memcheck-amd64-linux.so)
==16585==    by 0x40764A: List<RankTreeNode<Student*, Student*>*>::RemoveLast() (List.h:152)
==16585==    by 0x408D38: RankTree<Student*, Student*>::shiftRR(RankTreeNode<Student*, Student*>*, List<RankTreeNode<Student*, Student*>*>&) (rank_tree.h:973)
==16585==    by 0x407426: RankTree<Student*, Student*>::handleBF(List<RankTreeNode<Student*, Student*>*>&, RankTree<Student*, Student*>::TreeStatus) (rank_tree.h:1064)
==16585==    by 0x4068DA: RankTree<Student*, Student*>::removeFromTree(Student*) (rank_tree.h:814)
==16585==    by 0x405C4B: Team::RemoveStudent(Student*) (Team.cpp:50)
==16585==    by 0x40240F: School::RemoveStudent(int) (School.cpp:64)
==16585==    by 0x4013A3: RemoveStudent (library2.cpp:40)
==16585==    by 0x401BA4: OnRemoveStudent (main2.cpp:235)
==16585==    by 0x401951: parser (main2.cpp:155)
==16585==    by 0x401759: main (main2.cpp:94)
==16585== 
==16585== Invalid read of size 8
==16585==    at 0x409286: List<RankTreeNode<Student*, Student*>*>::Node::GetPrev() (List.h:54)
==16585==    by 0x40896D: List<RankTreeNode<Student*, Student*>*>::Iterator::Prev() (List.h:101)
==16585==    by 0x407432: RankTree<Student*, Student*>::handleBF(List<RankTreeNode<Student*, Student*>*>&, RankTree<Student*, Student*>::TreeStatus) (rank_tree.h:1065)
==16585==    by 0x406454: RankTree<Student*, Student*>::insertToTree(Student*, Student*) (rank_tree.h:519)
==16585==    by 0x405ABA: Team::AddStudent(Student*) (Team.cpp:31)
==16585==    by 0x402282: School::AddStudent(int, int, int) (School.cpp:48)
==16585==    by 0x4012D6: AddStudent (library2.cpp:23)
==16585==    by 0x401AFF: OnAddStudent (main2.cpp:218)
==16585==    by 0x401933: parser (main2.cpp:152)
==16585==    by 0x401759: main (main2.cpp:94)
==16585==  Address 0x5a4a890 is 16 bytes inside a block of size 24 free'd
==16585==    at 0x4C2C2BC: operator delete(void*) (in /usr/lib/valgrind/vgpreload_memcheck-amd64-linux.so)
==16585==    by 0x40764A: List<RankTreeNode<Student*, Student*>*>::RemoveLast() (List.h:152)
==16585==    by 0x408D69: RankTree<Student*, Student*>::shiftRR(RankTreeNode<Student*, Student*>*, List<RankTreeNode<Student*, Student*>*>&) (rank_tree.h:978)
==16585==    by 0x407426: RankTree<Student*, Student*>::handleBF(List<RankTreeNode<Student*, Student*>*>&, RankTree<Student*, Student*>::TreeStatus) (rank_tree.h:1064)
==16585==    by 0x406454: RankTree<Student*, Student*>::insertToTree(Student*, Student*) (rank_tree.h:519)
==16585==    by 0x405ABA: Team::AddStudent(Student*) (Team.cpp:31)
==16585==    by 0x402282: School::AddStudent(int, int, int) (School.cpp:48)
==16585==    by 0x4012D6: AddStudent (library2.cpp:23)
==16585==    by 0x401AFF: OnAddStudent (main2.cpp:218)
==16585==    by 0x401933: parser (main2.cpp:152)
==16585==    by 0x401759: main (main2.cpp:94)
==16585== 
==16585== Invalid read of size 8
==16585==    at 0x409286: List<RankTreeNode<Student*, Student*>*>::Node::GetPrev() (List.h:54)
==16585==    by 0x4089B4: List<RankTreeNode<Student*, Student*>*>::Iterator::Prev() (List.h:103)
==16585==    by 0x407432: RankTree<Student*, Student*>::handleBF(List<RankTreeNode<Student*, Student*>*>&, RankTree<Student*, Student*>::TreeStatus) (rank_tree.h:1065)
==16585==    by 0x406454: RankTree<Student*, Student*>::insertToTree(Student*, Student*) (rank_tree.h:519)
==16585==    by 0x405ABA: Team::AddStudent(Student*) (Team.cpp:31)
==16585==    by 0x402282: School::AddStudent(int, int, int) (School.cpp:48)
==16585==    by 0x4012D6: AddStudent (library2.cpp:23)
==16585==    by 0x401AFF: OnAddStudent (main2.cpp:218)
==16585==    by 0x401933: parser (main2.cpp:152)
==16585==    by 0x401759: main (main2.cpp:94)
==16585==  Address 0x5a4a890 is 16 bytes inside a block of size 24 free'd
==16585==    at 0x4C2C2BC: operator delete(void*) (in /usr/lib/valgrind/vgpreload_memcheck-amd64-linux.so)
==16585==    by 0x40764A: List<RankTreeNode<Student*, Student*>*>::RemoveLast() (List.h:152)
==16585==    by 0x408D69: RankTree<Student*, Student*>::shiftRR(RankTreeNode<Student*, Student*>*, List<RankTreeNode<Student*, Student*>*>&) (rank_tree.h:978)
==16585==    by 0x407426: RankTree<Student*, Student*>::handleBF(List<RankTreeNode<Student*, Student*>*>&, RankTree<Student*, Student*>::TreeStatus) (rank_tree.h:1064)
==16585==    by 0x406454: RankTree<Student*, Student*>::insertToTree(Student*, Student*) (rank_tree.h:519)
==16585==    by 0x405ABA: Team::AddStudent(Student*) (Team.cpp:31)
==16585==    by 0x402282: School::AddStudent(int, int, int) (School.cpp:48)
==16585==    by 0x4012D6: AddStudent (library2.cpp:23)
==16585==    by 0x401AFF: OnAddStudent (main2.cpp:218)
==16585==    by 0x401933: parser (main2.cpp:152)
==16585==    by 0x401759: main (main2.cpp:94)
==16585== 
==16585== Invalid read of size 8
==16585==    at 0x409286: List<RankTreeNode<Student*, Student*>*>::Node::GetPrev() (List.h:54)
==16585==    by 0x40896D: List<RankTreeNode<Student*, Student*>*>::Iterator::Prev() (List.h:101)
==16585==    by 0x407432: RankTree<Student*, Student*>::handleBF(List<RankTreeNode<Student*, Student*>*>&, RankTree<Student*, Student*>::TreeStatus) (rank_tree.h:1065)
==16585==    by 0x406347: RankTree<Student*, Student*>::insertToTree(Student*, Student*) (rank_tree.h:505)
==16585==    by 0x405ABA: Team::AddStudent(Student*) (Team.cpp:31)
==16585==    by 0x402282: School::AddStudent(int, int, int) (School.cpp:48)
==16585==    by 0x4012D6: AddStudent (library2.cpp:23)
==16585==    by 0x401AFF: OnAddStudent (main2.cpp:218)
==16585==    by 0x401933: parser (main2.cpp:152)
==16585==    by 0x401759: main (main2.cpp:94)
==16585==  Address 0x5a51a20 is 16 bytes inside a block of size 24 free'd
==16585==    at 0x4C2C2BC: operator delete(void*) (in /usr/lib/valgrind/vgpreload_memcheck-amd64-linux.so)
==16585==    by 0x40764A: List<RankTreeNode<Student*, Student*>*>::RemoveLast() (List.h:152)
==16585==    by 0x408D38: RankTree<Student*, Student*>::shiftRR(RankTreeNode<Student*, Student*>*, List<RankTreeNode<Student*, Student*>*>&) (rank_tree.h:973)
==16585==    by 0x407426: RankTree<Student*, Student*>::handleBF(List<RankTreeNode<Student*, Student*>*>&, RankTree<Student*, Student*>::TreeStatus) (rank_tree.h:1064)
==16585==    by 0x406347: RankTree<Student*, Student*>::insertToTree(Student*, Student*) (rank_tree.h:505)
==16585==    by 0x405ABA: Team::AddStudent(Student*) (Team.cpp:31)
==16585==    by 0x402282: School::AddStudent(int, int, int) (School.cpp:48)
==16585==    by 0x4012D6: AddStudent (library2.cpp:23)
==16585==    by 0x401AFF: OnAddStudent (main2.cpp:218)
==16585==    by 0x401933: parser (main2.cpp:152)
==16585==    by 0x401759: main (main2.cpp:94)
==16585== 
==16585== Invalid read of size 8
==16585==    at 0x409286: List<RankTreeNode<Student*, Student*>*>::Node::GetPrev() (List.h:54)
==16585==    by 0x4089B4: List<RankTreeNode<Student*, Student*>*>::Iterator::Prev() (List.h:103)
==16585==    by 0x407432: RankTree<Student*, Student*>::handleBF(List<RankTreeNode<Student*, Student*>*>&, RankTree<Student*, Student*>::TreeStatus) (rank_tree.h:1065)
==16585==    by 0x406347: RankTree<Student*, Student*>::insertToTree(Student*, Student*) (rank_tree.h:505)
==16585==    by 0x405ABA: Team::AddStudent(Student*) (Team.cpp:31)
==16585==    by 0x402282: School::AddStudent(int, int, int) (School.cpp:48)
==16585==    by 0x4012D6: AddStudent (library2.cpp:23)
==16585==    by 0x401AFF: OnAddStudent (main2.cpp:218)
==16585==    by 0x401933: parser (main2.cpp:152)
==16585==    by 0x401759: main (main2.cpp:94)
==16585==  Address 0x5a51a20 is 16 bytes inside a block of size 24 free'd
==16585==    at 0x4C2C2BC: operator delete(void*) (in /usr/lib/valgrind/vgpreload_memcheck-amd64-linux.so)
==16585==    by 0x40764A: List<RankTreeNode<Student*, Student*>*>::RemoveLast() (List.h:152)
==16585==    by 0x408D38: RankTree<Student*, Student*>::shiftRR(RankTreeNode<Student*, Student*>*, List<RankTreeNode<Student*, Student*>*>&) (rank_tree.h:973)
==16585==    by 0x407426: RankTree<Student*, Student*>::handleBF(List<RankTreeNode<Student*, Student*>*>&, RankTree<Student*, Student*>::TreeStatus) (rank_tree.h:1064)
==16585==    by 0x406347: RankTree<Student*, Student*>::insertToTree(Student*, Student*) (rank_tree.h:505)
==16585==    by 0x405ABA: Team::AddStudent(Student*) (Team.cpp:31)
==16585==    by 0x402282: School::AddStudent(int, int, int) (School.cpp:48)
==16585==    by 0x4012D6: AddStudent (library2.cpp:23)
==16585==    by 0x401AFF: OnAddStudent (main2.cpp:218)
==16585==    by 0x401933: parser (main2.cpp:152)
==16585==    by 0x401759: main (main2.cpp:94)
==16585== 
==16585== Invalid read of size 8
==16585==    at 0x409286: List<RankTreeNode<Student*, Student*>*>::Node::GetPrev() (List.h:54)
==16585==    by 0x40896D: List<RankTreeNode<Student*, Student*>*>::Iterator::Prev() (List.h:101)
==16585==    by 0x407432: RankTree<Student*, Student*>::handleBF(List<RankTreeNode<Student*, Student*>*>&, RankTree<Student*, Student*>::TreeStatus) (rank_tree.h:1065)
==16585==    by 0x40686C: RankTree<Student*, Student*>::removeFromTree(Student*) (rank_tree.h:810)
==16585==    by 0x405C4B: Team::RemoveStudent(Student*) (Team.cpp:50)
==16585==    by 0x40240F: School::RemoveStudent(int) (School.cpp:64)
==16585==    by 0x4013A3: RemoveStudent (library2.cpp:40)
==16585==    by 0x401BA4: OnRemoveStudent (main2.cpp:235)
==16585==    by 0x401951: parser (main2.cpp:155)
==16585==    by 0x401759: main (main2.cpp:94)
==16585==  Address 0x5aa6fc0 is 16 bytes inside a block of size 24 free'd
==16585==    at 0x4C2C2BC: operator delete(void*) (in /usr/lib/valgrind/vgpreload_memcheck-amd64-linux.so)
==16585==    by 0x40764A: List<RankTreeNode<Student*, Student*>*>::RemoveLast() (List.h:152)
==16585==    by 0x408D69: RankTree<Student*, Student*>::shiftRR(RankTreeNode<Student*, Student*>*, List<RankTreeNode<Student*, Student*>*>&) (rank_tree.h:978)
==16585==    by 0x407426: RankTree<Student*, Student*>::handleBF(List<RankTreeNode<Student*, Student*>*>&, RankTree<Student*, Student*>::TreeStatus) (rank_tree.h:1064)
==16585==    by 0x40686C: RankTree<Student*, Student*>::removeFromTree(Student*) (rank_tree.h:810)
==16585==    by 0x405C4B: Team::RemoveStudent(Student*) (Team.cpp:50)
==16585==    by 0x40240F: School::RemoveStudent(int) (School.cpp:64)
==16585==    by 0x4013A3: RemoveStudent (library2.cpp:40)
==16585==    by 0x401BA4: OnRemoveStudent (main2.cpp:235)
==16585==    by 0x401951: parser (main2.cpp:155)
==16585==    by 0x401759: main (main2.cpp:94)
==16585== 
==16585== Invalid read of size 8
==16585==    at 0x409286: List<RankTreeNode<Student*, Student*>*>::Node::GetPrev() (List.h:54)
==16585==    by 0x4089B4: List<RankTreeNode<Student*, Student*>*>::Iterator::Prev() (List.h:103)
==16585==    by 0x407432: RankTree<Student*, Student*>::handleBF(List<RankTreeNode<Student*, Student*>*>&, RankTree<Student*, Student*>::TreeStatus) (rank_tree.h:1065)
==16585==    by 0x40686C: RankTree<Student*, Student*>::removeFromTree(Student*) (rank_tree.h:810)
==16585==    by 0x405C4B: Team::RemoveStudent(Student*) (Team.cpp:50)
==16585==    by 0x40240F: School::RemoveStudent(int) (School.cpp:64)
==16585==    by 0x4013A3: RemoveStudent (library2.cpp:40)
==16585==    by 0x401BA4: OnRemoveStudent (main2.cpp:235)
==16585==    by 0x401951: parser (main2.cpp:155)
==16585==    by 0x401759: main (main2.cpp:94)
==16585==  Address 0x5aa6fc0 is 16 bytes inside a block of size 24 free'd
==16585==    at 0x4C2C2BC: operator delete(void*) (in /usr/lib/valgrind/vgpreload_memcheck-amd64-linux.so)
==16585==    by 0x40764A: List<RankTreeNode<Student*, Student*>*>::RemoveLast() (List.h:152)
==16585==    by 0x408D69: RankTree<Student*, Student*>::shiftRR(RankTreeNode<Student*, Student*>*, List<RankTreeNode<Student*, Student*>*>&) (rank_tree.h:978)
==16585==    by 0x407426: RankTree<Student*, Student*>::handleBF(List<RankTreeNode<Student*, Student*>*>&, RankTree<Student*, Student*>::TreeStatus) (rank_tree.h:1064)
==16585==    by 0x40686C: RankTree<Student*, Student*>::removeFromTree(Student*) (rank_tree.h:810)
==16585==    by 0x405C4B: Team::RemoveStudent(Student*) (Team.cpp:50)
==16585==    by 0x40240F: School::RemoveStudent(int) (School.cpp:64)
==16585==    by 0x4013A3: RemoveStudent (library2.cpp:40)
==16585==    by 0x401BA4: OnRemoveStudent (main2.cpp:235)
==16585==    by 0x401951: parser (main2.cpp:155)
==16585==    by 0x401759: main (main2.cpp:94)
==16585== 
==16585== Invalid read of size 8
==16585==    at 0x409286: List<RankTreeNode<Student*, Student*>*>::Node::GetPrev() (List.h:54)
==16585==    by 0x40896D: List<RankTreeNode<Student*, Student*>*>::Iterator::Prev() (List.h:101)
==16585==    by 0x407432: RankTree<Student*, Student*>::handleBF(List<RankTreeNode<Student*, Student*>*>&, RankTree<Student*, Student*>::TreeStatus) (rank_tree.h:1065)
==16585==    by 0x40691C: RankTree<Student*, Student*>::removeFromTree(Student*) (rank_tree.h:817)
==16585==    by 0x405C4B: Team::RemoveStudent(Student*) (Team.cpp:50)
==16585==    by 0x40240F: School::RemoveStudent(int) (School.cpp:64)
==16585==    by 0x4013A3: RemoveStudent (library2.cpp:40)
==16585==    by 0x401BA4: OnRemoveStudent (main2.cpp:235)
==16585==    by 0x401951: parser (main2.cpp:155)
==16585==    by 0x401759: main (main2.cpp:94)
==16585==  Address 0x5ac6d20 is 16 bytes inside a block of size 24 free'd
==16585==    at 0x4C2C2BC: operator delete(void*) (in /usr/lib/valgrind/vgpreload_memcheck-amd64-linux.so)
==16585==    by 0x40764A: List<RankTreeNode<Student*, Student*>*>::RemoveLast() (List.h:152)
==16585==    by 0x408D69: RankTree<Student*, Student*>::shiftRR(RankTreeNode<Student*, Student*>*, List<RankTreeNode<Student*, Student*>*>&) (rank_tree.h:978)
==16585==    by 0x407426: RankTree<Student*, Student*>::handleBF(List<RankTreeNode<Student*, Student*>*>&, RankTree<Student*, Student*>::TreeStatus) (rank_tree.h:1064)
==16585==    by 0x40691C: RankTree<Student*, Student*>::removeFromTree(Student*) (rank_tree.h:817)
==16585==    by 0x405C4B: Team::RemoveStudent(Student*) (Team.cpp:50)
==16585==    by 0x40240F: School::RemoveStudent(int) (School.cpp:64)
==16585==    by 0x4013A3: RemoveStudent (library2.cpp:40)
==16585==    by 0x401BA4: OnRemoveStudent (main2.cpp:235)
==16585==    by 0x401951: parser (main2.cpp:155)
==16585==    by 0x401759: main (main2.cpp:94)
==16585== 
==16585== Invalid read of size 8
==16585==    at 0x409286: List<RankTreeNode<Student*, Student*>*>::Node::GetPrev() (List.h:54)
==16585==    by 0x4089B4: List<RankTreeNode<Student*, Student*>*>::Iterator::Prev() (List.h:103)
==16585==    by 0x407432: RankTree<Student*, Student*>::handleBF(List<RankTreeNode<Student*, Student*>*>&, RankTree<Student*, Student*>::TreeStatus) (rank_tree.h:1065)
==16585==    by 0x40691C: RankTree<Student*, Student*>::removeFromTree(Student*) (rank_tree.h:817)
==16585==    by 0x405C4B: Team::RemoveStudent(Student*) (Team.cpp:50)
==16585==    by 0x40240F: School::RemoveStudent(int) (School.cpp:64)
==16585==    by 0x4013A3: RemoveStudent (library2.cpp:40)
==16585==    by 0x401BA4: OnRemoveStudent (main2.cpp:235)
==16585==    by 0x401951: parser (main2.cpp:155)
==16585==    by 0x401759: main (main2.cpp:94)
==16585==  Address 0x5ac6d20 is 16 bytes inside a block of size 24 free'd
==16585==    at 0x4C2C2BC: operator delete(void*) (in /usr/lib/valgrind/vgpreload_memcheck-amd64-linux.so)
==16585==    by 0x40764A: List<RankTreeNode<Student*, Student*>*>::RemoveLast() (List.h:152)
==16585==    by 0x408D69: RankTree<Student*, Student*>::shiftRR(RankTreeNode<Student*, Student*>*, List<RankTreeNode<Student*, Student*>*>&) (rank_tree.h:978)
==16585==    by 0x407426: RankTree<Student*, Student*>::handleBF(List<RankTreeNode<Student*, Student*>*>&, RankTree<Student*, Student*>::TreeStatus) (rank_tree.h:1064)
==16585==    by 0x40691C: RankTree<Student*, Student*>::removeFromTree(Student*) (rank_tree.h:817)
==16585==    by 0x405C4B: Team::RemoveStudent(Student*) (Team.cpp:50)
==16585==    by 0x40240F: School::RemoveStudent(int) (School.cpp:64)
==16585==    by 0x4013A3: RemoveStudent (library2.cpp:40)
==16585==    by 0x401BA4: OnRemoveStudent (main2.cpp:235)
==16585==    by 0x401951: parser (main2.cpp:155)
==16585==    by 0x401759: main (main2.cpp:94)
==16585== 
==16585== Invalid read of size 8
==16585==    at 0x409286: List<RankTreeNode<Student*, Student*>*>::Node::GetPrev() (List.h:54)
==16585==    by 0x40896D: List<RankTreeNode<Student*, Student*>*>::Iterator::Prev() (List.h:101)
==16585==    by 0x407462: RankTree<Student*, Student*>::handleBF(List<RankTreeNode<Student*, Student*>*>&, RankTree<Student*, Student*>::TreeStatus) (rank_tree.h:1069)
==16585==    by 0x4068DA: RankTree<Student*, Student*>::removeFromTree(Student*) (rank_tree.h:814)
==16585==    by 0x405C4B: Team::RemoveStudent(Student*) (Team.cpp:50)
==16585==    by 0x40240F: School::RemoveStudent(int) (School.cpp:64)
==16585==    by 0x4013A3: RemoveStudent (library2.cpp:40)
==16585==    by 0x401BA4: OnRemoveStudent (main2.cpp:235)
==16585==    by 0x401951: parser (main2.cpp:155)
==16585==    by 0x401759: main (main2.cpp:94)
==16585==  Address 0x5ad3970 is 16 bytes inside a block of size 24 free'd
==16585==    at 0x4C2C2BC: operator delete(void*) (in /usr/lib/valgrind/vgpreload_memcheck-amd64-linux.so)
==16585==    by 0x40764A: List<RankTreeNode<Student*, Student*>*>::RemoveLast() (List.h:152)
==16585==    by 0x409118: RankTree<Student*, Student*>::shiftLL(RankTreeNode<Student*, Student*>*, List<RankTreeNode<Student*, Student*>*>&) (rank_tree.h:912)
==16585==    by 0x407456: RankTree<Student*, Student*>::handleBF(List<RankTreeNode<Student*, Student*>*>&, RankTree<Student*, Student*>::TreeStatus) (rank_tree.h:1068)
==16585==    by 0x4068DA: RankTree<Student*, Student*>::removeFromTree(Student*) (rank_tree.h:814)
==16585==    by 0x405C4B: Team::RemoveStudent(Student*) (Team.cpp:50)
==16585==    by 0x40240F: School::RemoveStudent(int) (School.cpp:64)
==16585==    by 0x4013A3: RemoveStudent (library2.cpp:40)
==16585==    by 0x401BA4: OnRemoveStudent (main2.cpp:235)
==16585==    by 0x401951: parser (main2.cpp:155)
==16585==    by 0x401759: main (main2.cpp:94)
==16585== 
==16585== Invalid read of size 8
==16585==    at 0x409286: List<RankTreeNode<Student*, Student*>*>::Node::GetPrev() (List.h:54)
==16585==    by 0x4089B4: List<RankTreeNode<Student*, Student*>*>::Iterator::Prev() (List.h:103)
==16585==    by 0x407462: RankTree<Student*, Student*>::handleBF(List<RankTreeNode<Student*, Student*>*>&, RankTree<Student*, Student*>::TreeStatus) (rank_tree.h:1069)
==16585==    by 0x4068DA: RankTree<Student*, Student*>::removeFromTree(Student*) (rank_tree.h:814)
==16585==    by 0x405C4B: Team::RemoveStudent(Student*) (Team.cpp:50)
==16585==    by 0x40240F: School::RemoveStudent(int) (School.cpp:64)
==16585==    by 0x4013A3: RemoveStudent (library2.cpp:40)
==16585==    by 0x401BA4: OnRemoveStudent (main2.cpp:235)
==16585==    by 0x401951: parser (main2.cpp:155)
==16585==    by 0x401759: main (main2.cpp:94)
==16585==  Address 0x5ad3970 is 16 bytes inside a block of size 24 free'd
==16585==    at 0x4C2C2BC: operator delete(void*) (in /usr/lib/valgrind/vgpreload_memcheck-amd64-linux.so)
==16585==    by 0x40764A: List<RankTreeNode<Student*, Student*>*>::RemoveLast() (List.h:152)
==16585==    by 0x409118: RankTree<Student*, Student*>::shiftLL(RankTreeNode<Student*, Student*>*, List<RankTreeNode<Student*, Student*>*>&) (rank_tree.h:912)
==16585==    by 0x407456: RankTree<Student*, Student*>::handleBF(List<RankTreeNode<Student*, Student*>*>&, RankTree<Student*, Student*>::TreeStatus) (rank_tree.h:1068)
==16585==    by 0x4068DA: RankTree<Student*, Student*>::removeFromTree(Student*) (rank_tree.h:814)
==16585==    by 0x405C4B: Team::RemoveStudent(Student*) (Team.cpp:50)
==16585==    by 0x40240F: School::RemoveStudent(int) (School.cpp:64)
==16585==    by 0x4013A3: RemoveStudent (library2.cpp:40)
==16585==    by 0x401BA4: OnRemoveStudent (main2.cpp:235)
==16585==    by 0x401951: parser (main2.cpp:155)
==16585==    by 0x401759: main (main2.cpp:94)
==16585== 
==16585== Invalid read of size 8
==16585==    at 0x409286: List<RankTreeNode<Student*, Student*>*>::Node::GetPrev() (List.h:54)
==16585==    by 0x40896D: List<RankTreeNode<Student*, Student*>*>::Iterator::Prev() (List.h:101)
==16585==    by 0x407462: RankTree<Student*, Student*>::handleBF(List<RankTreeNode<Student*, Student*>*>&, RankTree<Student*, Student*>::TreeStatus) (rank_tree.h:1069)
==16585==    by 0x40686C: RankTree<Student*, Student*>::removeFromTree(Student*) (rank_tree.h:810)
==16585==    by 0x405C4B: Team::RemoveStudent(Student*) (Team.cpp:50)
==16585==    by 0x40240F: School::RemoveStudent(int) (School.cpp:64)
==16585==    by 0x4013A3: RemoveStudent (library2.cpp:40)
==16585==    by 0x401BA4: OnRemoveStudent (main2.cpp:235)
==16585==    by 0x401951: parser (main2.cpp:155)
==16585==    by 0x401759: main (main2.cpp:94)
==16585==  Address 0x5adee50 is 16 bytes inside a block of size 24 free'd
==16585==    at 0x4C2C2BC: operator delete(void*) (in /usr/lib/valgrind/vgpreload_memcheck-amd64-linux.so)
==16585==    by 0x40764A: List<RankTreeNode<Student*, Student*>*>::RemoveLast() (List.h:152)
==16585==    by 0x409118: RankTree<Student*, Student*>::shiftLL(RankTreeNode<Student*, Student*>*, List<RankTreeNode<Student*, Student*>*>&) (rank_tree.h:912)
==16585==    by 0x407456: RankTree<Student*, Student*>::handleBF(List<RankTreeNode<Student*, Student*>*>&, RankTree<Student*, Student*>::TreeStatus) (rank_tree.h:1068)
==16585==    by 0x40686C: RankTree<Student*, Student*>::removeFromTree(Student*) (rank_tree.h:810)
==16585==    by 0x405C4B: Team::RemoveStudent(Student*) (Team.cpp:50)
==16585==    by 0x40240F: School::RemoveStudent(int) (School.cpp:64)
==16585==    by 0x4013A3: RemoveStudent (library2.cpp:40)
==16585==    by 0x401BA4: OnRemoveStudent (main2.cpp:235)
==16585==    by 0x401951: parser (main2.cpp:155)
==16585==    by 0x401759: main (main2.cpp:94)
==16585== 
==16585== Invalid read of size 8
==16585==    at 0x409286: List<RankTreeNode<Student*, Student*>*>::Node::GetPrev() (List.h:54)
==16585==    by 0x4089B4: List<RankTreeNode<Student*, Student*>*>::Iterator::Prev() (List.h:103)
==16585==    by 0x407462: RankTree<Student*, Student*>::handleBF(List<RankTreeNode<Student*, Student*>*>&, RankTree<Student*, Student*>::TreeStatus) (rank_tree.h:1069)
==16585==    by 0x40686C: RankTree<Student*, Student*>::removeFromTree(Student*) (rank_tree.h:810)
==16585==    by 0x405C4B: Team::RemoveStudent(Student*) (Team.cpp:50)
==16585==    by 0x40240F: School::RemoveStudent(int) (School.cpp:64)
==16585==    by 0x4013A3: RemoveStudent (library2.cpp:40)
==16585==    by 0x401BA4: OnRemoveStudent (main2.cpp:235)
==16585==    by 0x401951: parser (main2.cpp:155)
==16585==    by 0x401759: main (main2.cpp:94)
==16585==  Address 0x5adee50 is 16 bytes inside a block of size 24 free'd
==16585==    at 0x4C2C2BC: operator delete(void*) (in /usr/lib/valgrind/vgpreload_memcheck-amd64-linux.so)
==16585==    by 0x40764A: List<RankTreeNode<Student*, Student*>*>::RemoveLast() (List.h:152)
==16585==    by 0x409118: RankTree<Student*, Student*>::shiftLL(RankTreeNode<Student*, Student*>*, List<RankTreeNode<Student*, Student*>*>&) (rank_tree.h:912)
==16585==    by 0x407456: RankTree<Student*, Student*>::handleBF(List<RankTreeNode<Student*, Student*>*>&, RankTree<Student*, Student*>::TreeStatus) (rank_tree.h:1068)
==16585==    by 0x40686C: RankTree<Student*, Student*>::removeFromTree(Student*) (rank_tree.h:810)
==16585==    by 0x405C4B: Team::RemoveStudent(Student*) (Team.cpp:50)
==16585==    by 0x40240F: School::RemoveStudent(int) (School.cpp:64)
==16585==    by 0x4013A3: RemoveStudent (library2.cpp:40)
==16585==    by 0x401BA4: OnRemoveStudent (main2.cpp:235)
==16585==    by 0x401951: parser (main2.cpp:155)
==16585==    by 0x401759: main (main2.cpp:94)
==16585== 
==16585== Invalid read of size 8
==16585==    at 0x409286: List<RankTreeNode<Student*, Student*>*>::Node::GetPrev() (List.h:54)
==16585==    by 0x40896D: List<RankTreeNode<Student*, Student*>*>::Iterator::Prev() (List.h:101)
==16585==    by 0x407432: RankTree<Student*, Student*>::handleBF(List<RankTreeNode<Student*, Student*>*>&, RankTree<Student*, Student*>::TreeStatus) (rank_tree.h:1065)
==16585==    by 0x406827: RankTree<Student*, Student*>::removeFromTree(Student*) (rank_tree.h:807)
==16585==    by 0x405C4B: Team::RemoveStudent(Student*) (Team.cpp:50)
==16585==    by 0x40240F: School::RemoveStudent(int) (School.cpp:64)
==16585==    by 0x4013A3: RemoveStudent (library2.cpp:40)
==16585==    by 0x401BA4: OnRemoveStudent (main2.cpp:235)
==16585==    by 0x401951: parser (main2.cpp:155)
==16585==    by 0x401759: main (main2.cpp:94)
==16585==  Address 0x5aea310 is 16 bytes inside a block of size 24 free'd
==16585==    at 0x4C2C2BC: operator delete(void*) (in /usr/lib/valgrind/vgpreload_memcheck-amd64-linux.so)
==16585==    by 0x40764A: List<RankTreeNode<Student*, Student*>*>::RemoveLast() (List.h:152)
==16585==    by 0x408D69: RankTree<Student*, Student*>::shiftRR(RankTreeNode<Student*, Student*>*, List<RankTreeNode<Student*, Student*>*>&) (rank_tree.h:978)
==16585==    by 0x407426: RankTree<Student*, Student*>::handleBF(List<RankTreeNode<Student*, Student*>*>&, RankTree<Student*, Student*>::TreeStatus) (rank_tree.h:1064)
==16585==    by 0x406827: RankTree<Student*, Student*>::removeFromTree(Student*) (rank_tree.h:807)
==16585==    by 0x405C4B: Team::RemoveStudent(Student*) (Team.cpp:50)
==16585==    by 0x40240F: School::RemoveStudent(int) (School.cpp:64)
==16585==    by 0x4013A3: RemoveStudent (library2.cpp:40)
==16585==    by 0x401BA4: OnRemoveStudent (main2.cpp:235)
==16585==    by 0x401951: parser (main2.cpp:155)
==16585==    by 0x401759: main (main2.cpp:94)
==16585== 
==16585== Invalid read of size 8
==16585==    at 0x409286: List<RankTreeNode<Student*, Student*>*>::Node::GetPrev() (List.h:54)
==16585==    by 0x4089B4: List<RankTreeNode<Student*, Student*>*>::Iterator::Prev() (List.h:103)
==16585==    by 0x407432: RankTree<Student*, Student*>::handleBF(List<RankTreeNode<Student*, Student*>*>&, RankTree<Student*, Student*>::TreeStatus) (rank_tree.h:1065)
==16585==    by 0x406827: RankTree<Student*, Student*>::removeFromTree(Student*) (rank_tree.h:807)
==16585==    by 0x405C4B: Team::RemoveStudent(Student*) (Team.cpp:50)
==16585==    by 0x40240F: School::RemoveStudent(int) (School.cpp:64)
==16585==    by 0x4013A3: RemoveStudent (library2.cpp:40)
==16585==    by 0x401BA4: OnRemoveStudent (main2.cpp:235)
==16585==    by 0x401951: parser (main2.cpp:155)
==16585==    by 0x401759: main (main2.cpp:94)
==16585==  Address 0x5aea310 is 16 bytes inside a block of size 24 free'd
==16585==    at 0x4C2C2BC: operator delete(void*) (in /usr/lib/valgrind/vgpreload_memcheck-amd64-linux.so)
==16585==    by 0x40764A: List<RankTreeNode<Student*, Student*>*>::RemoveLast() (List.h:152)
==16585==    by 0x408D69: RankTree<Student*, Student*>::shiftRR(RankTreeNode<Student*, Student*>*, List<RankTreeNode<Student*, Student*>*>&) (rank_tree.h:978)
==16585==    by 0x407426: RankTree<Student*, Student*>::handleBF(List<RankTreeNode<Student*, Student*>*>&, RankTree<Student*, Student*>::TreeStatus) (rank_tree.h:1064)
==16585==    by 0x406827: RankTree<Student*, Student*>::removeFromTree(Student*) (rank_tree.h:807)
==16585==    by 0x405C4B: Team::RemoveStudent(Student*) (Team.cpp:50)
==16585==    by 0x40240F: School::RemoveStudent(int) (School.cpp:64)
==16585==    by 0x4013A3: RemoveStudent (library2.cpp:40)
==16585==    by 0x401BA4: OnRemoveStudent (main2.cpp:235)
==16585==    by 0x401951: parser (main2.cpp:155)
==16585==    by 0x401759: main (main2.cpp:94)
==16585== 
==16585== Invalid read of size 8
==16585==    at 0x409286: List<RankTreeNode<Student*, Student*>*>::Node::GetPrev() (List.h:54)
==16585==    by 0x40896D: List<RankTreeNode<Student*, Student*>*>::Iterator::Prev() (List.h:101)
==16585==    by 0x407462: RankTree<Student*, Student*>::handleBF(List<RankTreeNode<Student*, Student*>*>&, RankTree<Student*, Student*>::TreeStatus) (rank_tree.h:1069)
==16585==    by 0x4064D6: RankTree<Student*, Student*>::insertToTree(Student*, Student*) (rank_tree.h:524)
==16585==    by 0x405ABA: Team::AddStudent(Student*) (Team.cpp:31)
==16585==    by 0x402282: School::AddStudent(int, int, int) (School.cpp:48)
==16585==    by 0x4012D6: AddStudent (library2.cpp:23)
==16585==    by 0x401AFF: OnAddStudent (main2.cpp:218)
==16585==    by 0x401933: parser (main2.cpp:152)
==16585==    by 0x401759: main (main2.cpp:94)
==16585==  Address 0x5af2d50 is 16 bytes inside a block of size 24 free'd
==16585==    at 0x4C2C2BC: operator delete(void*) (in /usr/lib/valgrind/vgpreload_memcheck-amd64-linux.so)
==16585==    by 0x40764A: List<RankTreeNode<Student*, Student*>*>::RemoveLast() (List.h:152)
==16585==    by 0x409118: RankTree<Student*, Student*>::shiftLL(RankTreeNode<Student*, Student*>*, List<RankTreeNode<Student*, Student*>*>&) (rank_tree.h:912)
==16585==    by 0x407456: RankTree<Student*, Student*>::handleBF(List<RankTreeNode<Student*, Student*>*>&, RankTree<Student*, Student*>::TreeStatus) (rank_tree.h:1068)
==16585==    by 0x4064D6: RankTree<Student*, Student*>::insertToTree(Student*, Student*) (rank_tree.h:524)
==16585==    by 0x405ABA: Team::AddStudent(Student*) (Team.cpp:31)
==16585==    by 0x402282: School::AddStudent(int, int, int) (School.cpp:48)
==16585==    by 0x4012D6: AddStudent (library2.cpp:23)
==16585==    by 0x401AFF: OnAddStudent (main2.cpp:218)
==16585==    by 0x401933: parser (main2.cpp:152)
==16585==    by 0x401759: main (main2.cpp:94)
==16585== 
==16585== Invalid read of size 8
==16585==    at 0x409286: List<RankTreeNode<Student*, Student*>*>::Node::GetPrev() (List.h:54)
==16585==    by 0x4089B4: List<RankTreeNode<Student*, Student*>*>::Iterator::Prev() (List.h:103)
==16585==    by 0x407462: RankTree<Student*, Student*>::handleBF(List<RankTreeNode<Student*, Student*>*>&, RankTree<Student*, Student*>::TreeStatus) (rank_tree.h:1069)
==16585==    by 0x4064D6: RankTree<Student*, Student*>::insertToTree(Student*, Student*) (rank_tree.h:524)
==16585==    by 0x405ABA: Team::AddStudent(Student*) (Team.cpp:31)
==16585==    by 0x402282: School::AddStudent(int, int, int) (School.cpp:48)
==16585==    by 0x4012D6: AddStudent (library2.cpp:23)
==16585==    by 0x401AFF: OnAddStudent (main2.cpp:218)
==16585==    by 0x401933: parser (main2.cpp:152)
==16585==    by 0x401759: main (main2.cpp:94)
==16585==  Address 0x5af2d50 is 16 bytes inside a block of size 24 free'd
==16585==    at 0x4C2C2BC: operator delete(void*) (in /usr/lib/valgrind/vgpreload_memcheck-amd64-linux.so)
==16585==    by 0x40764A: List<RankTreeNode<Student*, Student*>*>::RemoveLast() (List.h:152)
==16585==    by 0x409118: RankTree<Student*, Student*>::shiftLL(RankTreeNode<Student*, Student*>*, List<RankTreeNode<Student*, Student*>*>&) (rank_tree.h:912)
==16585==    by 0x407456: RankTree<Student*, Student*>::handleBF(List<RankTreeNode<Student*, Student*>*>&, RankTree<Student*, Student*>::TreeStatus) (rank_tree.h:1068)
==16585==    by 0x4064D6: RankTree<Student*, Student*>::insertToTree(Student*, Student*) (rank_tree.h:524)
==16585==    by 0x405ABA: Team::AddStudent(Student*) (Team.cpp:31)
==16585==    by 0x402282: School::AddStudent(int, int, int) (School.cpp:48)
==16585==    by 0x4012D6: AddStudent (library2.cpp:23)
==16585==    by 0x401AFF: OnAddStudent (main2.cpp:218)
==16585==    by 0x401933: parser (main2.cpp:152)
==16585==    by 0x401759: main (main2.cpp:94)
==16585== 
==16585== Invalid read of size 8
==16585==    at 0x409286: List<RankTreeNode<Student*, Student*>*>::Node::GetPrev() (List.h:54)
==16585==    by 0x40896D: List<RankTreeNode<Student*, Student*>*>::Iterator::Prev() (List.h:101)
==16585==    by 0x4073FF: RankTree<Student*, Student*>::handleBF(List<RankTreeNode<Student*, Student*>*>&, RankTree<Student*, Student*>::TreeStatus) (rank_tree.h:1061)
==16585==    by 0x406827: RankTree<Student*, Student*>::removeFromTree(Student*) (rank_tree.h:807)
==16585==    by 0x405C4B: Team::RemoveStudent(Student*) (Team.cpp:50)
==16585==    by 0x40240F: School::RemoveStudent(int) (School.cpp:64)
==16585==    by 0x4013A3: RemoveStudent (library2.cpp:40)
==16585==    by 0x401BA4: OnRemoveStudent (main2.cpp:235)
==16585==    by 0x401951: parser (main2.cpp:155)
==16585==    by 0x401759: main (main2.cpp:94)
==16585==  Address 0x5b01680 is 16 bytes inside a block of size 24 free'd
==16585==    at 0x4C2C2BC: operator delete(void*) (in /usr/lib/valgrind/vgpreload_memcheck-amd64-linux.so)
==16585==    by 0x40764A: List<RankTreeNode<Student*, Student*>*>::RemoveLast() (List.h:152)
==16585==    by 0x408D69: RankTree<Student*, Student*>::shiftRR(RankTreeNode<Student*, Student*>*, List<RankTreeNode<Student*, Student*>*>&) (rank_tree.h:978)
==16585==    by 0x408915: RankTree<Student*, Student*>::shiftRL(RankTreeNode<Student*, Student*>*, List<RankTreeNode<Student*, Student*>*>&) (rank_tree.h:994)
==16585==    by 0x4073F3: RankTree<Student*, Student*>::handleBF(List<RankTreeNode<Student*, Student*>*>&, RankTree<Student*, Student*>::TreeStatus) (rank_tree.h:1060)
==16585==    by 0x406827: RankTree<Student*, Student*>::removeFromTree(Student*) (rank_tree.h:807)
==16585==    by 0x405C4B: Team::RemoveStudent(Student*) (Team.cpp:50)
==16585==    by 0x40240F: School::RemoveStudent(int) (School.cpp:64)
==16585==    by 0x4013A3: RemoveStudent (library2.cpp:40)
==16585==    by 0x401BA4: OnRemoveStudent (main2.cpp:235)
==16585==    by 0x401951: parser (main2.cpp:155)
==16585==    by 0x401759: main (main2.cpp:94)
==16585== 
==16585== Invalid read of size 8
==16585==    at 0x409286: List<RankTreeNode<Student*, Student*>*>::Node::GetPrev() (List.h:54)
==16585==    by 0x4089B4: List<RankTreeNode<Student*, Student*>*>::Iterator::Prev() (List.h:103)
==16585==    by 0x4073FF: RankTree<Student*, Student*>::handleBF(List<RankTreeNode<Student*, Student*>*>&, RankTree<Student*, Student*>::TreeStatus) (rank_tree.h:1061)
==16585==    by 0x406827: RankTree<Student*, Student*>::removeFromTree(Student*) (rank_tree.h:807)
==16585==    by 0x405C4B: Team::RemoveStudent(Student*) (Team.cpp:50)
==16585==    by 0x40240F: School::RemoveStudent(int) (School.cpp:64)
==16585==    by 0x4013A3: RemoveStudent (library2.cpp:40)
==16585==    by 0x401BA4: OnRemoveStudent (main2.cpp:235)
==16585==    by 0x401951: parser (main2.cpp:155)
==16585==    by 0x401759: main (main2.cpp:94)
==16585==  Address 0x5b01680 is 16 bytes inside a block of size 24 free'd
==16585==    at 0x4C2C2BC: operator delete(void*) (in /usr/lib/valgrind/vgpreload_memcheck-amd64-linux.so)
==16585==    by 0x40764A: List<RankTreeNode<Student*, Student*>*>::RemoveLast() (List.h:152)
==16585==    by 0x408D69: RankTree<Student*, Student*>::shiftRR(RankTreeNode<Student*, Student*>*, List<RankTreeNode<Student*, Student*>*>&) (rank_tree.h:978)
==16585==    by 0x408915: RankTree<Student*, Student*>::shiftRL(RankTreeNode<Student*, Student*>*, List<RankTreeNode<Student*, Student*>*>&) (rank_tree.h:994)
==16585==    by 0x4073F3: RankTree<Student*, Student*>::handleBF(List<RankTreeNode<Student*, Student*>*>&, RankTree<Student*, Student*>::TreeStatus) (rank_tree.h:1060)
==16585==    by 0x406827: RankTree<Student*, Student*>::removeFromTree(Student*) (rank_tree.h:807)
==16585==    by 0x405C4B: Team::RemoveStudent(Student*) (Team.cpp:50)
==16585==    by 0x40240F: School::RemoveStudent(int) (School.cpp:64)
==16585==    by 0x4013A3: RemoveStudent (library2.cpp:40)
==16585==    by 0x401BA4: OnRemoveStudent (main2.cpp:235)
==16585==    by 0x401951: parser (main2.cpp:155)
==16585==    by 0x401759: main (main2.cpp:94)
==16585== 
==16585== Invalid read of size 8
==16585==    at 0x409286: List<RankTreeNode<Student*, Student*>*>::Node::GetPrev() (List.h:54)
==16585==    by 0x40896D: List<RankTreeNode<Student*, Student*>*>::Iterator::Prev() (List.h:101)
==16585==    by 0x407492: RankTree<Student*, Student*>::handleBF(List<RankTreeNode<Student*, Student*>*>&, RankTree<Student*, Student*>::TreeStatus) (rank_tree.h:1073)
==16585==    by 0x406347: RankTree<Student*, Student*>::insertToTree(Student*, Student*) (rank_tree.h:505)
==16585==    by 0x405ABA: Team::AddStudent(Student*) (Team.cpp:31)
==16585==    by 0x402282: School::AddStudent(int, int, int) (School.cpp:48)
==16585==    by 0x4012D6: AddStudent (library2.cpp:23)
==16585==    by 0x401AFF: OnAddStudent (main2.cpp:218)
==16585==    by 0x401933: parser (main2.cpp:152)
==16585==    by 0x401759: main (main2.cpp:94)
==16585==  Address 0x5b0cbc0 is 16 bytes inside a block of size 24 free'd
==16585==    at 0x4C2C2BC: operator delete(void*) (in /usr/lib/valgrind/vgpreload_memcheck-amd64-linux.so)
==16585==    by 0x40764A: List<RankTreeNode<Student*, Student*>*>::RemoveLast() (List.h:152)
==16585==    by 0x409118: RankTree<Student*, Student*>::shiftLL(RankTreeNode<Student*, Student*>*, List<RankTreeNode<Student*, Student*>*>&) (rank_tree.h:912)
==16585==    by 0x40923D: RankTree<Student*, Student*>::shiftLR(RankTreeNode<Student*, Student*>*, List<RankTreeNode<Student*, Student*>*>&) (rank_tree.h:1014)
==16585==    by 0x407486: RankTree<Student*, Student*>::handleBF(List<RankTreeNode<Student*, Student*>*>&, RankTree<Student*, Student*>::TreeStatus) (rank_tree.h:1072)
==16585==    by 0x406347: RankTree<Student*, Student*>::insertToTree(Student*, Student*) (rank_tree.h:505)
==16585==    by 0x405ABA: Team::AddStudent(Student*) (Team.cpp:31)
==16585==    by 0x402282: School::AddStudent(int, int, int) (School.cpp:48)
==16585==    by 0x4012D6: AddStudent (library2.cpp:23)
==16585==    by 0x401AFF: OnAddStudent (main2.cpp:218)
==16585==    by 0x401933: parser (main2.cpp:152)
==16585==    by 0x401759: main (main2.cpp:94)
==16585== 
==16585== Invalid read of size 8
==16585==    at 0x409286: List<RankTreeNode<Student*, Student*>*>::Node::GetPrev() (List.h:54)
==16585==    by 0x4089B4: List<RankTreeNode<Student*, Student*>*>::Iterator::Prev() (List.h:103)
==16585==    by 0x407492: RankTree<Student*, Student*>::handleBF(List<RankTreeNode<Student*, Student*>*>&, RankTree<Student*, Student*>::TreeStatus) (rank_tree.h:1073)
==16585==    by 0x406347: RankTree<Student*, Student*>::insertToTree(Student*, Student*) (rank_tree.h:505)
==16585==    by 0x405ABA: Team::AddStudent(Student*) (Team.cpp:31)
==16585==    by 0x402282: School::AddStudent(int, int, int) (School.cpp:48)
==16585==    by 0x4012D6: AddStudent (library2.cpp:23)
==16585==    by 0x401AFF: OnAddStudent (main2.cpp:218)
==16585==    by 0x401933: parser (main2.cpp:152)
==16585==    by 0x401759: main (main2.cpp:94)
==16585==  Address 0x5b0cbc0 is 16 bytes inside a block of size 24 free'd
==16585==    at 0x4C2C2BC: operator delete(void*) (in /usr/lib/valgrind/vgpreload_memcheck-amd64-linux.so)
==16585==    by 0x40764A: List<RankTreeNode<Student*, Student*>*>::RemoveLast() (List.h:152)
==16585==    by 0x409118: RankTree<Student*, Student*>::shiftLL(RankTreeNode<Student*, Student*>*, List<RankTreeNode<Student*, Student*>*>&) (rank_tree.h:912)
==16585==    by 0x40923D: RankTree<Student*, Student*>::shiftLR(RankTreeNode<Student*, Student*>*, List<RankTreeNode<Student*, Student*>*>&) (rank_tree.h:1014)
==16585==    by 0x407486: RankTree<Student*, Student*>::handleBF(List<RankTreeNode<Student*, Student*>*>&, RankTree<Student*, Student*>::TreeStatus) (rank_tree.h:1072)
==16585==    by 0x406347: RankTree<Student*, Student*>::insertToTree(Student*, Student*) (rank_tree.h:505)
==16585==    by 0x405ABA: Team::AddStudent(Student*) (Team.cpp:31)
==16585==    by 0x402282: School::AddStudent(int, int, int) (School.cpp:48)
==16585==    by 0x4012D6: AddStudent (library2.cpp:23)
==16585==    by 0x401AFF: OnAddStudent (main2.cpp:218)
==16585==    by 0x401933: parser (main2.cpp:152)
==16585==    by 0x401759: main (main2.cpp:94)
==16585== 
==16585== Invalid read of size 8
==16585==    at 0x409286: List<RankTreeNode<Student*, Student*>*>::Node::GetPrev() (List.h:54)
==16585==    by 0x40896D: List<RankTreeNode<Student*, Student*>*>::Iterator::Prev() (List.h:101)
==16585==    by 0x407492: RankTree<Student*, Student*>::handleBF(List<RankTreeNode<Student*, Student*>*>&, RankTree<Student*, Student*>::TreeStatus) (rank_tree.h:1073)
==16585==    by 0x40686C: RankTree<Student*, Student*>::removeFromTree(Student*) (rank_tree.h:810)
==16585==    by 0x405C4B: Team::RemoveStudent(Student*) (Team.cpp:50)
==16585==    by 0x40240F: School::RemoveStudent(int) (School.cpp:64)
==16585==    by 0x4013A3: RemoveStudent (library2.cpp:40)
==16585==    by 0x401BA4: OnRemoveStudent (main2.cpp:235)
==16585==    by 0x401951: parser (main2.cpp:155)
==16585==    by 0x401759: main (main2.cpp:94)
==16585==  Address 0x5b0df20 is 16 bytes inside a block of size 24 free'd
==16585==    at 0x4C2C2BC: operator delete(void*) (in /usr/lib/valgrind/vgpreload_memcheck-amd64-linux.so)
==16585==    by 0x40764A: List<RankTreeNode<Student*, Student*>*>::RemoveLast() (List.h:152)
==16585==    by 0x409149: RankTree<Student*, Student*>::shiftLL(RankTreeNode<Student*, Student*>*, List<RankTreeNode<Student*, Student*>*>&) (rank_tree.h:917)
==16585==    by 0x40923D: RankTree<Student*, Student*>::shiftLR(RankTreeNode<Student*, Student*>*, List<RankTreeNode<Student*, Student*>*>&) (rank_tree.h:1014)
==16585==    by 0x407486: RankTree<Student*, Student*>::handleBF(List<RankTreeNode<Student*, Student*>*>&, RankTree<Student*, Student*>::TreeStatus) (rank_tree.h:1072)
==16585==    by 0x40686C: RankTree<Student*, Student*>::removeFromTree(Student*) (rank_tree.h:810)
==16585==    by 0x405C4B: Team::RemoveStudent(Student*) (Team.cpp:50)
==16585==    by 0x40240F: School::RemoveStudent(int) (School.cpp:64)
==16585==    by 0x4013A3: RemoveStudent (library2.cpp:40)
==16585==    by 0x401BA4: OnRemoveStudent (main2.cpp:235)
==16585==    by 0x401951: parser (main2.cpp:155)
==16585==    by 0x401759: main (main2.cpp:94)
==16585== 
==16585== Invalid read of size 8
==16585==    at 0x409286: List<RankTreeNode<Student*, Student*>*>::Node::GetPrev() (List.h:54)
==16585==    by 0x4089B4: List<RankTreeNode<Student*, Student*>*>::Iterator::Prev() (List.h:103)
==16585==    by 0x407492: RankTree<Student*, Student*>::handleBF(List<RankTreeNode<Student*, Student*>*>&, RankTree<Student*, Student*>::TreeStatus) (rank_tree.h:1073)
==16585==    by 0x40686C: RankTree<Student*, Student*>::removeFromTree(Student*) (rank_tree.h:810)
==16585==    by 0x405C4B: Team::RemoveStudent(Student*) (Team.cpp:50)
==16585==    by 0x40240F: School::RemoveStudent(int) (School.cpp:64)
==16585==    by 0x4013A3: RemoveStudent (library2.cpp:40)
==16585==    by 0x401BA4: OnRemoveStudent (main2.cpp:235)
==16585==    by 0x401951: parser (main2.cpp:155)
==16585==    by 0x401759: main (main2.cpp:94)
==16585==  Address 0x5b0df20 is 16 bytes inside a block of size 24 free'd
==16585==    at 0x4C2C2BC: operator delete(void*) (in /usr/lib/valgrind/vgpreload_memcheck-amd64-linux.so)
==16585==    by 0x40764A: List<RankTreeNode<Student*, Student*>*>::RemoveLast() (List.h:152)
==16585==    by 0x409149: RankTree<Student*, Student*>::shiftLL(RankTreeNode<Student*, Student*>*, List<RankTreeNode<Student*, Student*>*>&) (rank_tree.h:917)
==16585==    by 0x40923D: RankTree<Student*, Student*>::shiftLR(RankTreeNode<Student*, Student*>*, List<RankTreeNode<Student*, Student*>*>&) (rank_tree.h:1014)
==16585==    by 0x407486: RankTree<Student*, Student*>::handleBF(List<RankTreeNode<Student*, Student*>*>&, RankTree<Student*, Student*>::TreeStatus) (rank_tree.h:1072)
==16585==    by 0x40686C: RankTree<Student*, Student*>::removeFromTree(Student*) (rank_tree.h:810)
==16585==    by 0x405C4B: Team::RemoveStudent(Student*) (Team.cpp:50)
==16585==    by 0x40240F: School::RemoveStudent(int) (School.cpp:64)
==16585==    by 0x4013A3: RemoveStudent (library2.cpp:40)
==16585==    by 0x401BA4: OnRemoveStudent (main2.cpp:235)
==16585==    by 0x401951: parser (main2.cpp:155)
==16585==    by 0x401759: main (main2.cpp:94)
==16585== 
--16585-- core    : 1866469376/1866469376  max/curr mmap'd, 6/0 unsplit/split sb unmmap'd,  1848818952/1848818952 max/curr,      104549/2282225128 totalloc-blocks/bytes,      104186 searches 8 rzB
--16585-- dinfo   : 12443648/ 9560064  max/curr mmap'd, 2/2 unsplit/split sb unmmap'd,  11158784/ 6326800 max/curr,      238017/  47240352 totalloc-blocks/bytes,      238236 searches 8 rzB
--16585-- client  : 4336910336/4336910336  max/curr mmap'd, 0/0 unsplit/split sb unmmap'd,  1445812768/1445812768 max/curr,    45172372/1445812768 totalloc-blocks/bytes,    45171338 searches 24 rzB
--16585-- demangle:    65536/       0  max/curr mmap'd, 0/1 unsplit/split sb unmmap'd,       128/       0 max/curr,         400/     28096 totalloc-blocks/bytes,         399 searches 8 rzB
--16585-- ttaux   :   221184/  221184  max/curr mmap'd, 0/1 unsplit/split sb unmmap'd,    168976/  122912 max/curr,         736/    323424 totalloc-blocks/bytes,         733 searches 8 rzB
--16585-- translate:            fast SP updates identified: 7,064 ( 92.1%)
--16585-- translate:   generic_known SP updates identified: 466 (  6.0%)
--16585-- translate: generic_unknown SP updates identified: 133 (  1.7%)
--16585--     tt/tc: 11,436 tt lookups requiring 11,818 probes
--16585--     tt/tc: 7,579 fast-cache updates, 5 flushes
--16585--  transtab: new        4,890 (124,267 -> 2,081,291; ratio 167:10) [0 scs]
--16585--  transtab: dumped     0 (0 -> ??)
--16585--  transtab: discarded  12 (381 -> ??)
--16585-- scheduler: 635,272,238 event checks.
--16585-- scheduler: 498,062,151 indir transfers, 2,611 misses (1 in 190755)
--16585-- scheduler: 6,352/45,193,464 major/minor sched events.
--16585--    sanity: 6352 cheap, 92 expensive checks.
--16585--    exectx: 769 lists, 469 contexts (avg 0 per list)
--16585--    exectx: 45,179,955 searches, 45,181,537 full compares (1,000 per 1000)
--16585--    exectx: 0 cmp2, 1,243 cmp4, 0 cmpAll
--16585--  errormgr: 30 supplist searches, 2,430 comparisons during search
--16585--  errormgr: 116 errlist searches, 1,243 comparisons during search
--16585--  memcheck: freelist: vol 438368 length 7465
--16585--  memcheck: sanity checks: 6352 cheap, 93 expensive
--16585--  memcheck: auxmaps: 0 auxmap entries (0k, 0M) in use
--16585--  memcheck: auxmaps_L1: 0 searches, 0 cmps, ratio 0:10
--16585--  memcheck: auxmaps_L2: 0 searches, 0 nodes
--16585--  memcheck: SMs: n_issued      = 66191 (1059056k, 1034M)
--16585--  memcheck: SMs: n_deissued    = 0 (0k, 0M)
--16585--  memcheck: SMs: max_noaccess  = 1048575 (16777200k, 16383M)
--16585--  memcheck: SMs: max_undefined = 0 (0k, 0M)
--16585--  memcheck: SMs: max_defined   = 252 (4032k, 3M)
--16585--  memcheck: SMs: max_non_DSM   = 66191 (1059056k, 1034M)
--16585--  memcheck: max sec V bit nodes:    0 (0k, 0M)
--16585--  memcheck: set_sec_vbits8 calls: 0 (new: 0, updates: 0)
--16585--  memcheck: max shadow mem size:   1067296k, 1042M

host stacktrace:
==16585==    at 0x3805DB16: ??? (in /usr/lib/valgrind/memcheck-amd64-linux)
==16585==    by 0x3806A72E: ??? (in /usr/lib/valgrind/memcheck-amd64-linux)
==16585==    by 0x3802EB1D: ??? (in /usr/lib/valgrind/memcheck-amd64-linux)
==16585==    by 0x380306E5: ??? (in /usr/lib/valgrind/memcheck-amd64-linux)
==16585==    by 0x3803B57B: ??? (in /usr/lib/valgrind/memcheck-amd64-linux)
==16585==    by 0x3802CD33: ??? (in /usr/lib/valgrind/memcheck-amd64-linux)
==16585==    by 0x3802CECA: ??? (in /usr/lib/valgrind/memcheck-amd64-linux)
==16585==    by 0x380AF1F5: ??? (in /usr/lib/valgrind/memcheck-amd64-linux)
==16585==    by 0x380BDCBC: ??? (in /usr/lib/valgrind/memcheck-amd64-linux)

sched status:
  running_tid=1

Thread 1: status = VgTs_Runnable
==16585== 
==16585==     Valgrind's memory management: out of memory:
==16585==        newSuperblock's request for 65536 bytes failed.
==16585==        7367467008 bytes have already been allocated.
==16585==     Valgrind cannot continue.  Sorry.
==16585== 
==16585==     There are several possible reasons for this.
==16585==     - You have some kind of memory limit in place.  Look at the
==16585==       output of 'ulimit -a'.  Is there a limit on the size of
==16585==       virtual memory or address space?
==16585==     - You have run out of swap space.
==16585==     - Valgrind has a bug.  If you think this is the case or you are
==16585==     not sure, please let us know and we'll try to fix it.
==16585==     Please note that programs can take substantially more memory than
==16585==     normal when running under Valgrind tools, eg. up to twice or
==16585==     more, depending on the tool.  On a 64-bit machine, Valgrind
==16585==     should be able to make use of up 32GB memory.  On a 32-bit
==16585==     machine, Valgrind should be able to use all the memory available
==16585==     to a single process, up to 4GB if that's how you have your
==16585==     kernel configured.  Most 32-bit Linux setups allow a maximum of
==16585==     3GB per process.
==16585== 
==16585==     Whatever the reason, Valgrind cannot continue.  Sorry.
